<?xml version="1.0" encoding="UTF-8"?>
<testng-results ignored="0" total="1" passed="1" failed="0" skipped="0">
  <reporter-output>
  </reporter-output>
  <suite started-at="2025-08-02T00:44:54 IST" name="Default suite" finished-at="2025-08-02T00:44:57 IST" duration-ms="3001">
    <groups>
    </groups>
    <test started-at="2025-08-02T00:44:54 IST" name="Default test" finished-at="2025-08-02T00:44:57 IST" duration-ms="3001">
      <class name="com.automation.testcases.Login">
        <test-method signature="LogintoApp()[pri:0, instance:com.automation.testcases.Login@5824a83d]" started-at="2025-08-02T00:44:54 IST" name="LogintoApp" finished-at="2025-08-02T00:44:57 IST" duration-ms="2957" status="PASS">
          <reporter-output>
          </reporter-output>
        </test-method> <!-- LogintoApp -->
      </class> <!-- com.automation.testcases.Login -->
    </test> <!-- Default test -->
  </suite> <!-- Default suite -->
</testng-results>
